[debug] [2023-11-16T02:33:06.434Z] ----------------------------------------------------------------------
[debug] [2023-11-16T02:33:06.436Z] Command:       /opt/homebrew/Cellar/node@18/18.18.2/bin/node /opt/homebrew/bin/firebase emulators:start
[debug] [2023-11-16T02:33:06.436Z] CLI Version:   12.8.0
[debug] [2023-11-16T02:33:06.437Z] Platform:      darwin
[debug] [2023-11-16T02:33:06.437Z] Node Version:  v18.18.2
[debug] [2023-11-16T02:33:06.438Z] Time:          Wed Nov 15 2023 21:33:06 GMT-0500 (Eastern Standard Time)
[debug] [2023-11-16T02:33:06.438Z] ----------------------------------------------------------------------
[debug] 
[debug] [2023-11-16T02:33:06.520Z] > command requires scopes: ["email","openid","https://www.googleapis.com/auth/cloudplatformprojects.readonly","https://www.googleapis.com/auth/firebase","https://www.googleapis.com/auth/cloud-platform"]
[debug] [2023-11-16T02:33:06.520Z] > authorizing via signed-in user (ulukbekaitmatov79@gmail.com)
[info] i  emulators: Starting emulators: functions {"metadata":{"emulator":{"name":"hub"},"message":"Starting emulators: functions"}}
[debug] [2023-11-16T02:33:06.845Z] [logging] Logging Emulator only supports listening on one address (127.0.0.1). Not listening on ::1
[debug] [2023-11-16T02:33:06.845Z] assigned listening specs for emulators {"user":{"hub":[{"address":"127.0.0.1","family":"IPv4","port":4400},{"address":"::1","family":"IPv6","port":4400}],"ui":[{"address":"127.0.0.1","family":"IPv4","port":4000},{"address":"::1","family":"IPv6","port":4000}],"logging":[{"address":"127.0.0.1","family":"IPv4","port":4500}]},"metadata":{"message":"assigned listening specs for emulators"}}
[debug] [2023-11-16T02:33:06.852Z] [hub] writing locator at /var/folders/7z/mysy77_x4nv5xp8nt4tt78g40000gn/T/hub-smapchat-back.json
[debug] [2023-11-16T02:33:07.066Z] [functions] Functions Emulator only supports listening on one address (127.0.0.1). Not listening on ::1
[debug] [2023-11-16T02:33:07.067Z] [eventarc] Eventarc Emulator only supports listening on one address (127.0.0.1). Not listening on ::1
[debug] [2023-11-16T02:33:07.067Z] late-assigned ports for functions and eventarc emulators {"user":{"hub":[{"address":"127.0.0.1","family":"IPv4","port":4400},{"address":"::1","family":"IPv6","port":4400}],"ui":[{"address":"127.0.0.1","family":"IPv4","port":4000},{"address":"::1","family":"IPv6","port":4000}],"logging":[{"address":"127.0.0.1","family":"IPv4","port":4500}],"functions":[{"address":"127.0.0.1","family":"IPv4","port":5001}],"eventarc":[{"address":"127.0.0.1","family":"IPv4","port":9299}]},"metadata":{"message":"late-assigned ports for functions and eventarc emulators"}}
[warn] ⚠  functions: The following emulators are not running, calls to these services from the Functions emulator will affect production: auth, firestore, database, hosting, pubsub, storage {"metadata":{"emulator":{"name":"functions"},"message":"The following emulators are not running, calls to these services from the Functions emulator will affect production: \u001b[1mauth, firestore, database, hosting, pubsub, storage\u001b[22m"}}
[debug] [2023-11-16T02:33:07.070Z] defaultcredentials: writing to file /Users/uli/.config/firebase/ulukbekaitmatov79_gmail_com_application_default_credentials.json
[debug] [2023-11-16T02:33:07.076Z] Setting GAC to /Users/uli/.config/firebase/ulukbekaitmatov79_gmail_com_application_default_credentials.json {"metadata":{"emulator":{"name":"functions"},"message":"Setting GAC to /Users/uli/.config/firebase/ulukbekaitmatov79_gmail_com_application_default_credentials.json"}}
[debug] [2023-11-16T02:33:07.077Z] >>> [apiv2][query] GET https://firebase.googleapis.com/v1beta1/projects/smapchat-back/adminSdkConfig [none]
[debug] [2023-11-16T02:33:07.565Z] <<< [apiv2][status] GET https://firebase.googleapis.com/v1beta1/projects/smapchat-back/adminSdkConfig 403
[debug] [2023-11-16T02:33:07.565Z] <<< [apiv2][body] GET https://firebase.googleapis.com/v1beta1/projects/smapchat-back/adminSdkConfig {"error":{"code":403,"message":"The caller does not have permission","status":"PERMISSION_DENIED"}}
[debug] [2023-11-16T02:33:07.566Z] Failed to get Admin SDK config for smapchat-back, falling back to cache Failed to get Admin SDK for Firebase project smapchat-back. Please make sure the project exists and your account has permission to access it. {"name":"FirebaseError","children":[],"exit":2,"message":"Failed to get Admin SDK for Firebase project smapchat-back. Please make sure the project exists and your account has permission to access it.","original":{"name":"FirebaseError","children":[],"context":{"body":{"error":{"code":403,"message":"The caller does not have permission","status":"PERMISSION_DENIED"}},"response":{"statusCode":403}},"exit":1,"message":"HTTP Error: 403, The caller does not have permission","status":403},"status":500}
[warn] ⚠  functions: Unable to fetch project Admin SDK configuration, Admin SDK behavior in Cloud Functions emulator may be incorrect. {"metadata":{"emulator":{"name":"functions"},"message":"Unable to fetch project Admin SDK configuration, Admin SDK behavior in Cloud Functions emulator may be incorrect."}}
[debug] [2023-11-16T02:33:07.577Z] Ignoring unsupported arg: auto_download {"metadata":{"emulator":{"name":"ui"},"message":"Ignoring unsupported arg: auto_download"}}
[debug] [2023-11-16T02:33:07.578Z] Ignoring unsupported arg: port {"metadata":{"emulator":{"name":"ui"},"message":"Ignoring unsupported arg: port"}}
[debug] [2023-11-16T02:33:07.578Z] Starting Emulator UI with command {"binary":"node","args":["/Users/uli/.cache/firebase/emulators/ui-v1.11.7/server/server.js"],"optionalArgs":[],"joinArgs":false} {"metadata":{"emulator":{"name":"ui"},"message":"Starting Emulator UI with command {\"binary\":\"node\",\"args\":[\"/Users/uli/.cache/firebase/emulators/ui-v1.11.7/server/server.js\"],\"optionalArgs\":[],\"joinArgs\":false}"}}
[info] i  ui: Emulator UI logging to ui-debug.log {"metadata":{"emulator":{"name":"ui"},"message":"Emulator UI logging to \u001b[1mui-debug.log\u001b[22m"}}
[debug] [2023-11-16T02:33:07.680Z] Web / API server started at 127.0.0.1:4000
 {"metadata":{"emulator":{"name":"ui"},"message":"Web / API server started at 127.0.0.1:4000\n"}}
[debug] [2023-11-16T02:33:07.680Z] Web / API server started at ::1:4000
 {"metadata":{"emulator":{"name":"ui"},"message":"Web / API server started at ::1:4000\n"}}
[info] i  functions: Watching "/Users/uli/ReactApps/Smapchat/Backend/functions" for Cloud Functions... {"metadata":{"emulator":{"name":"functions"},"message":"Watching \"/Users/uli/ReactApps/Smapchat/Backend/functions\" for Cloud Functions..."}}
[debug] [2023-11-16T02:33:07.842Z] Validating nodejs source
[debug] [2023-11-16T02:33:08.606Z] > [functions] package.json contents: {
  "name": "functions",
  "description": "Cloud Functions for Firebase",
  "scripts": {
    "serve": "firebase emulators:start --only functions",
    "shell": "firebase functions:shell",
    "start": "npm run shell",
    "deploy": "firebase deploy --only functions",
    "logs": "firebase functions:log",
    "test": "jest --detectOpenHandles --forceExit"
  },
  "engines": {
    "node": "18"
  },
  "main": "index.js",
  "dependencies": {
    "bcryptjs": "^2.4.3",
    "cookie-parser": "^1.4.6",
    "cors": "^2.8.5",
    "dotenv": "^16.3.1",
    "firebase-admin": "^11.8.0",
    "firebase-functions": "^4.3.1",
    "jest": "^29.7.0",
    "mongoose": "^8.0.0",
    "supertest": "^6.3.3"
  },
  "devDependencies": {
    "firebase-functions-test": "^3.1.0"
  },
  "private": true
}
[debug] [2023-11-16T02:33:08.606Z] Building nodejs source
[debug] [2023-11-16T02:33:08.607Z] Failed to find version of module node: reached end of search path /Users/uli/ReactApps/Smapchat/Backend/functions/node_modules
[info] ✔  functions: Using node@18 from host. 
[info] i  functions: Loaded environment variables from .env. 
[debug] [2023-11-16T02:33:08.610Z] Could not find functions.yaml. Must use http discovery
[debug] [2023-11-16T02:33:08.616Z] Found firebase-functions binary at '/Users/uli/ReactApps/Smapchat/Backend/functions/node_modules/.bin/firebase-functions'
[info] Serving at port 8811

[error] (node:4885) [MONGODB DRIVER] Warning: useNewUrlParser is a deprecated option: useNewUrlParser has no effect since Node.js Driver version 4.0.0 and will be removed in the next major version
(Use `node --trace-warnings ...` to show where the warning was created)

[error] (node:4885) [MONGODB DRIVER] Warning: useUnifiedTopology is a deprecated option: useUnifiedTopology has no effect since Node.js Driver version 4.0.0 and will be removed in the next major version

[debug] [2023-11-16T02:33:09.226Z] Got response from /__/functions.yaml {"endpoints":{"api":{"platform":"gcfv1","availableMemoryMb":null,"timeoutSeconds":null,"minInstances":null,"maxInstances":null,"ingressSettings":null,"serviceAccountEmail":null,"vpc":null,"httpsTrigger":{},"entryPoint":"api"}},"specVersion":"v1alpha1","requiredAPIs":[]}
[info] Connected to MongoDB Atlas

[info] ✔  functions: Loaded functions definitions from source: api. {"metadata":{"emulator":{"name":"functions"},"message":"Loaded functions definitions from source: api."}}
[info] ✔  functions[us-central1-api]: http function initialized (http://127.0.0.1:5001/smapchat-back/us-central1/api). {"metadata":{"emulator":{"name":"functions"},"message":"\u001b[1mhttp\u001b[22m function initialized (http://127.0.0.1:5001/smapchat-back/us-central1/api)."}}
[info] 
┌─────────────────────────────────────────────────────────────┐
│ ✔  All emulators ready! It is now safe to connect your app. │
│ i  View Emulator UI at http://127.0.0.1:4000/               │
└─────────────────────────────────────────────────────────────┘

┌───────────┬────────────────┬─────────────────────────────────┐
│ Emulator  │ Host:Port      │ View in Emulator UI             │
├───────────┼────────────────┼─────────────────────────────────┤
│ Functions │ 127.0.0.1:5001 │ http://127.0.0.1:4000/functions │
└───────────┴────────────────┴─────────────────────────────────┘
  Emulator Hub running at 127.0.0.1:4400
  Other reserved ports: 4500

Issues? Report them at https://github.com/firebase/firebase-tools/issues and attach the *-debug.log files.
 
[debug] [2023-11-16T02:33:29.491Z] [work-queue] {"queuedWork":["/smapchat-back/us-central1/api/Users-2023-11-16T02:33:29.491Z"],"queueLength":1,"runningWork":[],"workRunningCount":0}
[debug] [2023-11-16T02:33:29.491Z] [work-queue] {"queuedWork":[],"queueLength":0,"runningWork":["/smapchat-back/us-central1/api/Users-2023-11-16T02:33:29.491Z"],"workRunningCount":1}
[debug] [2023-11-16T02:33:29.492Z] Accepted request GET /smapchat-back/us-central1/api/Users --> us-central1-api
[debug] [2023-11-16T02:33:29.494Z] [functions] Runtime ready! Sending request! {"metadata":{"emulator":{"name":"functions"},"message":"[functions] Runtime ready! Sending request!"}}
[debug] [2023-11-16T02:33:29.495Z] [functions] Got req.url=/smapchat-back/us-central1/api/Users, mapping to path=/Users {"metadata":{"emulator":{"name":"functions"},"message":"[functions] Got req.url=/smapchat-back/us-central1/api/Users, mapping to path=/Users"}}
[info] i  functions: Loaded environment variables from .env. 
[debug] [2023-11-16T02:33:29.502Z] [worker-pool] addWorker(us-central1-api) {"metadata":{"emulator":{"name":"functions"},"message":"[worker-pool] addWorker(us-central1-api)"}}
[debug] [2023-11-16T02:33:29.503Z] [worker-pool] Adding worker with key us-central1-api, total=1 {"metadata":{"emulator":{"name":"functions"},"message":"[worker-pool] Adding worker with key us-central1-api, total=1"}}
[debug] [2023-11-16T02:33:30.030Z] [runtime-status] [4896] Resolved module firebase-admin {"declared":true,"installed":true,"version":"11.11.0","resolution":"/Users/uli/ReactApps/Smapchat/Backend/functions/node_modules/firebase-admin/lib/index.js"} {"metadata":{"emulator":{"name":"functions"},"function":{"name":"us-central1-api"},"extension":{},"message":"[runtime-status] [4896] Resolved module firebase-admin {\"declared\":true,\"installed\":true,\"version\":\"11.11.0\",\"resolution\":\"/Users/uli/ReactApps/Smapchat/Backend/functions/node_modules/firebase-admin/lib/index.js\"}"}}
[debug] [2023-11-16T02:33:30.031Z] [runtime-status] [4896] Resolved module firebase-functions {"declared":true,"installed":true,"version":"4.5.0","resolution":"/Users/uli/ReactApps/Smapchat/Backend/functions/node_modules/firebase-functions/lib/v1/index.js"} {"metadata":{"emulator":{"name":"functions"},"function":{"name":"us-central1-api"},"extension":{},"message":"[runtime-status] [4896] Resolved module firebase-functions {\"declared\":true,\"installed\":true,\"version\":\"4.5.0\",\"resolution\":\"/Users/uli/ReactApps/Smapchat/Backend/functions/node_modules/firebase-functions/lib/v1/index.js\"}"}}
[debug] [2023-11-16T02:33:30.031Z] [runtime-status] [4896] Outgoing network have been stubbed. [{"name":"http","status":"mocked"},{"name":"http","status":"mocked"},{"name":"https","status":"mocked"},{"name":"https","status":"mocked"},{"name":"net","status":"mocked"}] {"metadata":{"emulator":{"name":"functions"},"function":{"name":"us-central1-api"},"extension":{},"message":"[runtime-status] [4896] Outgoing network have been stubbed. [{\"name\":\"http\",\"status\":\"mocked\"},{\"name\":\"http\",\"status\":\"mocked\"},{\"name\":\"https\",\"status\":\"mocked\"},{\"name\":\"https\",\"status\":\"mocked\"},{\"name\":\"net\",\"status\":\"mocked\"}]"}}
[debug] [2023-11-16T02:33:30.032Z] [runtime-status] [4896] Resolved module firebase-functions {"declared":true,"installed":true,"version":"4.5.0","resolution":"/Users/uli/ReactApps/Smapchat/Backend/functions/node_modules/firebase-functions/lib/v1/index.js"} {"metadata":{"emulator":{"name":"functions"},"function":{"name":"us-central1-api"},"extension":{},"message":"[runtime-status] [4896] Resolved module firebase-functions {\"declared\":true,\"installed\":true,\"version\":\"4.5.0\",\"resolution\":\"/Users/uli/ReactApps/Smapchat/Backend/functions/node_modules/firebase-functions/lib/v1/index.js\"}"}}
[debug] [2023-11-16T02:33:30.134Z] [runtime-status] [4896] Checked functions.config() {"config":{}} {"metadata":{"emulator":{"name":"functions"},"function":{"name":"us-central1-api"},"extension":{},"message":"[runtime-status] [4896] Checked functions.config() {\"config\":{}}"}}
[debug] [2023-11-16T02:33:30.134Z] [runtime-status] [4896] firebase-functions has been stubbed. {"functionsResolution":{"declared":true,"installed":true,"version":"4.5.0","resolution":"/Users/uli/ReactApps/Smapchat/Backend/functions/node_modules/firebase-functions/lib/v1/index.js"}} {"metadata":{"emulator":{"name":"functions"},"function":{"name":"us-central1-api"},"extension":{},"message":"[runtime-status] [4896] firebase-functions has been stubbed. {\"functionsResolution\":{\"declared\":true,\"installed\":true,\"version\":\"4.5.0\",\"resolution\":\"/Users/uli/ReactApps/Smapchat/Backend/functions/node_modules/firebase-functions/lib/v1/index.js\"}}"}}
[debug] [2023-11-16T02:33:30.134Z] [runtime-status] [4896] Resolved module firebase-functions {"declared":true,"installed":true,"version":"4.5.0","resolution":"/Users/uli/ReactApps/Smapchat/Backend/functions/node_modules/firebase-functions/lib/v1/index.js"} {"metadata":{"emulator":{"name":"functions"},"function":{"name":"us-central1-api"},"extension":{},"message":"[runtime-status] [4896] Resolved module firebase-functions {\"declared\":true,\"installed\":true,\"version\":\"4.5.0\",\"resolution\":\"/Users/uli/ReactApps/Smapchat/Backend/functions/node_modules/firebase-functions/lib/v1/index.js\"}"}}
[debug] [2023-11-16T02:33:30.135Z] [runtime-status] [4896] Resolved module firebase-admin {"declared":true,"installed":true,"version":"11.11.0","resolution":"/Users/uli/ReactApps/Smapchat/Backend/functions/node_modules/firebase-admin/lib/index.js"} {"metadata":{"emulator":{"name":"functions"},"function":{"name":"us-central1-api"},"extension":{},"message":"[runtime-status] [4896] Resolved module firebase-admin {\"declared\":true,\"installed\":true,\"version\":\"11.11.0\",\"resolution\":\"/Users/uli/ReactApps/Smapchat/Backend/functions/node_modules/firebase-admin/lib/index.js\"}"}}
[debug] [2023-11-16T02:33:30.137Z] [runtime-status] [4896] Resolved module firebase-functions {"declared":true,"installed":true,"version":"4.5.0","resolution":"/Users/uli/ReactApps/Smapchat/Backend/functions/node_modules/firebase-functions/lib/v1/index.js"} {"metadata":{"emulator":{"name":"functions"},"function":{"name":"us-central1-api"},"extension":{},"message":"[runtime-status] [4896] Resolved module firebase-functions {\"declared\":true,\"installed\":true,\"version\":\"4.5.0\",\"resolution\":\"/Users/uli/ReactApps/Smapchat/Backend/functions/node_modules/firebase-functions/lib/v1/index.js\"}"}}
[debug] [2023-11-16T02:33:30.138Z] [runtime-status] [4896] firebase-admin has been stubbed. {"adminResolution":{"declared":true,"installed":true,"version":"11.11.0","resolution":"/Users/uli/ReactApps/Smapchat/Backend/functions/node_modules/firebase-admin/lib/index.js"}} {"metadata":{"emulator":{"name":"functions"},"function":{"name":"us-central1-api"},"extension":{},"message":"[runtime-status] [4896] firebase-admin has been stubbed. {\"adminResolution\":{\"declared\":true,\"installed\":true,\"version\":\"11.11.0\",\"resolution\":\"/Users/uli/ReactApps/Smapchat/Backend/functions/node_modules/firebase-admin/lib/index.js\"}}"}}
[debug] [2023-11-16T02:33:30.316Z] [runtime-status] [4896] Functions runtime initialized. {"cwd":"/Users/uli/ReactApps/Smapchat/Backend/functions","node_version":"18.18.2"} {"metadata":{"emulator":{"name":"functions"},"function":{"name":"us-central1-api"},"extension":{},"message":"[runtime-status] [4896] Functions runtime initialized. {\"cwd\":\"/Users/uli/ReactApps/Smapchat/Backend/functions\",\"node_version\":\"18.18.2\"}"}}
[info] >  (node:4896) [MONGODB DRIVER] Warning: useNewUrlParser is a deprecated option: useNewUrlParser has no effect since Node.js Driver version 4.0.0 and will be removed in the next major version {"user":"(node:4896) [MONGODB DRIVER] Warning: useNewUrlParser is a deprecated option: useNewUrlParser has no effect since Node.js Driver version 4.0.0 and will be removed in the next major version","metadata":{"emulator":{"name":"functions"},"function":{"name":"us-central1-api"},"extension":{},"message":"\u001b[90m> \u001b[39m (node:4896) [MONGODB DRIVER] Warning: useNewUrlParser is a deprecated option: useNewUrlParser has no effect since Node.js Driver version 4.0.0 and will be removed in the next major version"}}
[info] >  (Use `node --trace-warnings ...` to show where the warning was created) {"user":"(Use `node --trace-warnings ...` to show where the warning was created)","metadata":{"emulator":{"name":"functions"},"function":{"name":"us-central1-api"},"extension":{},"message":"\u001b[90m> \u001b[39m (Use `node --trace-warnings ...` to show where the warning was created)"}}
[info] >  (node:4896) [MONGODB DRIVER] Warning: useUnifiedTopology is a deprecated option: useUnifiedTopology has no effect since Node.js Driver version 4.0.0 and will be removed in the next major version {"user":"(node:4896) [MONGODB DRIVER] Warning: useUnifiedTopology is a deprecated option: useUnifiedTopology has no effect since Node.js Driver version 4.0.0 and will be removed in the next major version","metadata":{"emulator":{"name":"functions"},"function":{"name":"us-central1-api"},"extension":{},"message":"\u001b[90m> \u001b[39m (node:4896) [MONGODB DRIVER] Warning: useUnifiedTopology is a deprecated option: useUnifiedTopology has no effect since Node.js Driver version 4.0.0 and will be removed in the next major version"}}
[debug] [2023-11-16T02:33:30.318Z] [runtime-status] [4896] Listening to port: /var/folders/7z/mysy77_x4nv5xp8nt4tt78g40000gn/T/fire_emu_77fef35bc88678d5.sock {"metadata":{"emulator":{"name":"functions"},"function":{"name":"us-central1-api"},"extension":{},"message":"[runtime-status] [4896] Listening to port: /var/folders/7z/mysy77_x4nv5xp8nt4tt78g40000gn/T/fire_emu_77fef35bc88678d5.sock"}}
[debug] [2023-11-16T02:33:30.323Z] [worker-us-central1-api-ea684018-a0b4-4bca-8b33-80b262e68fa1]: IDLE {"metadata":{"emulator":{"name":"functions"},"function":{"name":"us-central1-api"},"extension":{},"message":"[worker-us-central1-api-ea684018-a0b4-4bca-8b33-80b262e68fa1]: IDLE"}}
[debug] [2023-11-16T02:33:30.323Z] [worker-pool] submitRequest(triggerId=us-central1-api) {"metadata":{"emulator":{"name":"functions"},"message":"[worker-pool] submitRequest(triggerId=us-central1-api)"}}
[info] i  functions: Beginning execution of "us-central1-api" {"metadata":{"emulator":{"name":"functions"},"function":{"name":"us-central1-api"},"extension":{},"message":"Beginning execution of \"us-central1-api\""}}
[debug] [2023-11-16T02:33:30.324Z] [worker-us-central1-api-ea684018-a0b4-4bca-8b33-80b262e68fa1]: BUSY {"metadata":{"emulator":{"name":"functions"},"function":{"name":"us-central1-api"},"extension":{},"message":"[worker-us-central1-api-ea684018-a0b4-4bca-8b33-80b262e68fa1]: BUSY"}}
[info] >  GET request to /Users with body: {"user":"GET request to /Users with body:","metadata":{"emulator":{"name":"functions"},"function":{"name":"us-central1-api"},"extension":{},"message":"\u001b[90m> \u001b[39m GET request to /Users with body:"}}
[info] >  [object Object] {"user":"[object Object]","metadata":{"emulator":{"name":"functions"},"function":{"name":"us-central1-api"},"extension":{},"message":"\u001b[90m> \u001b[39m [object Object]"}}
[info] >   {"user":"","metadata":{"emulator":{"name":"functions"},"function":{"name":"us-central1-api"},"extension":{},"message":"\u001b[90m> \u001b[39m "}}
[info] >  Connected to MongoDB Atlas {"user":"Connected to MongoDB Atlas","metadata":{"emulator":{"name":"functions"},"function":{"name":"us-central1-api"},"extension":{},"message":"\u001b[90m> \u001b[39m Connected to MongoDB Atlas"}}
[debug] [2023-11-16T02:33:35.858Z] Finishing up request with event=pause {"metadata":{"emulator":{"name":"functions"},"function":{"name":"us-central1-api"},"extension":{},"message":"Finishing up request with event=pause"}}
[info] i  functions: Finished "us-central1-api" in 5535.54325ms {"metadata":{"emulator":{"name":"functions"},"function":{"name":"us-central1-api"},"extension":{},"message":"Finished \"us-central1-api\" in 5535.54325ms"}}
[debug] [2023-11-16T02:33:35.860Z] [worker-us-central1-api-ea684018-a0b4-4bca-8b33-80b262e68fa1]: IDLE {"metadata":{"emulator":{"name":"functions"},"function":{"name":"us-central1-api"},"extension":{},"message":"[worker-us-central1-api-ea684018-a0b4-4bca-8b33-80b262e68fa1]: IDLE"}}
[debug] [2023-11-16T02:33:35.861Z] Finishing up request with event=finish {"metadata":{"emulator":{"name":"functions"},"function":{"name":"us-central1-api"},"extension":{},"message":"Finishing up request with event=finish"}}
[debug] [2023-11-16T02:33:35.861Z] Finishing up request with event=close {"metadata":{"emulator":{"name":"functions"},"function":{"name":"us-central1-api"},"extension":{},"message":"Finishing up request with event=close"}}
[debug] [2023-11-16T02:33:35.861Z] [work-queue] {"queuedWork":[],"queueLength":0,"runningWork":[],"workRunningCount":0}
[debug] [2023-11-16T02:35:27.245Z] [work-queue] {"queuedWork":["/smapchat-back/us-central1/api/User/6549247ab828517fbe1969a1-2023-11-16T02:35:27.244Z"],"queueLength":1,"runningWork":[],"workRunningCount":0}
[debug] [2023-11-16T02:35:27.245Z] [work-queue] {"queuedWork":[],"queueLength":0,"runningWork":["/smapchat-back/us-central1/api/User/6549247ab828517fbe1969a1-2023-11-16T02:35:27.244Z"],"workRunningCount":1}
[debug] [2023-11-16T02:35:27.245Z] Accepted request GET /smapchat-back/us-central1/api/User/6549247ab828517fbe1969a1 --> us-central1-api
[debug] [2023-11-16T02:35:27.248Z] [functions] Runtime ready! Sending request! {"metadata":{"emulator":{"name":"functions"},"message":"[functions] Runtime ready! Sending request!"}}
[debug] [2023-11-16T02:35:27.248Z] [functions] Got req.url=/smapchat-back/us-central1/api/User/6549247ab828517fbe1969a1, mapping to path=/User/6549247ab828517fbe1969a1 {"metadata":{"emulator":{"name":"functions"},"message":"[functions] Got req.url=/smapchat-back/us-central1/api/User/6549247ab828517fbe1969a1, mapping to path=/User/6549247ab828517fbe1969a1"}}
[debug] [2023-11-16T02:35:27.248Z] [worker-pool] submitRequest(triggerId=us-central1-api) {"metadata":{"emulator":{"name":"functions"},"message":"[worker-pool] submitRequest(triggerId=us-central1-api)"}}
[info] i  functions: Beginning execution of "us-central1-api" {"metadata":{"emulator":{"name":"functions"},"function":{"name":"us-central1-api"},"extension":{},"message":"Beginning execution of \"us-central1-api\""}}
[debug] [2023-11-16T02:35:27.249Z] [worker-us-central1-api-ea684018-a0b4-4bca-8b33-80b262e68fa1]: BUSY {"metadata":{"emulator":{"name":"functions"},"function":{"name":"us-central1-api"},"extension":{},"message":"[worker-us-central1-api-ea684018-a0b4-4bca-8b33-80b262e68fa1]: BUSY"}}
[info] >  GET request to /User/6549247ab828517fbe1969a1 with body: {"user":"GET request to /User/6549247ab828517fbe1969a1 with body:","metadata":{"emulator":{"name":"functions"},"function":{"name":"us-central1-api"},"extension":{},"message":"\u001b[90m> \u001b[39m GET request to /User/6549247ab828517fbe1969a1 with body:"}}
[info] >  [object Object] {"user":"[object Object]","metadata":{"emulator":{"name":"functions"},"function":{"name":"us-central1-api"},"extension":{},"message":"\u001b[90m> \u001b[39m [object Object]"}}
[info] >   {"user":"","metadata":{"emulator":{"name":"functions"},"function":{"name":"us-central1-api"},"extension":{},"message":"\u001b[90m> \u001b[39m "}}
[debug] [2023-11-16T02:35:27.595Z] Finishing up request with event=pause {"metadata":{"emulator":{"name":"functions"},"function":{"name":"us-central1-api"},"extension":{},"message":"Finishing up request with event=pause"}}
[info] i  functions: Finished "us-central1-api" in 346.41375ms {"metadata":{"emulator":{"name":"functions"},"function":{"name":"us-central1-api"},"extension":{},"message":"Finished \"us-central1-api\" in 346.41375ms"}}
[debug] [2023-11-16T02:35:27.596Z] [worker-us-central1-api-ea684018-a0b4-4bca-8b33-80b262e68fa1]: IDLE {"metadata":{"emulator":{"name":"functions"},"function":{"name":"us-central1-api"},"extension":{},"message":"[worker-us-central1-api-ea684018-a0b4-4bca-8b33-80b262e68fa1]: IDLE"}}
[debug] [2023-11-16T02:35:27.596Z] Finishing up request with event=finish {"metadata":{"emulator":{"name":"functions"},"function":{"name":"us-central1-api"},"extension":{},"message":"Finishing up request with event=finish"}}
[debug] [2023-11-16T02:35:27.596Z] Finishing up request with event=close {"metadata":{"emulator":{"name":"functions"},"function":{"name":"us-central1-api"},"extension":{},"message":"Finishing up request with event=close"}}
[debug] [2023-11-16T02:35:27.596Z] [work-queue] {"queuedWork":[],"queueLength":0,"runningWork":[],"workRunningCount":0}
[debug] [2023-11-16T02:56:43.859Z] [work-queue] {"queuedWork":["/smapchat-back/us-central1/api/Users-2023-11-16T02:56:43.858Z"],"queueLength":1,"runningWork":[],"workRunningCount":0}
[debug] [2023-11-16T02:56:43.859Z] [work-queue] {"queuedWork":[],"queueLength":0,"runningWork":["/smapchat-back/us-central1/api/Users-2023-11-16T02:56:43.858Z"],"workRunningCount":1}
[debug] [2023-11-16T02:56:43.859Z] Accepted request GET /smapchat-back/us-central1/api/Users --> us-central1-api
[debug] [2023-11-16T02:56:43.862Z] [functions] Runtime ready! Sending request! {"metadata":{"emulator":{"name":"functions"},"message":"[functions] Runtime ready! Sending request!"}}
[debug] [2023-11-16T02:56:43.863Z] [functions] Got req.url=/smapchat-back/us-central1/api/Users, mapping to path=/Users {"metadata":{"emulator":{"name":"functions"},"message":"[functions] Got req.url=/smapchat-back/us-central1/api/Users, mapping to path=/Users"}}
[debug] [2023-11-16T02:56:43.863Z] [worker-pool] submitRequest(triggerId=us-central1-api) {"metadata":{"emulator":{"name":"functions"},"message":"[worker-pool] submitRequest(triggerId=us-central1-api)"}}
[info] i  functions: Beginning execution of "us-central1-api" {"metadata":{"emulator":{"name":"functions"},"function":{"name":"us-central1-api"},"extension":{},"message":"Beginning execution of \"us-central1-api\""}}
[debug] [2023-11-16T02:56:43.864Z] [worker-us-central1-api-ea684018-a0b4-4bca-8b33-80b262e68fa1]: BUSY {"metadata":{"emulator":{"name":"functions"},"function":{"name":"us-central1-api"},"extension":{},"message":"[worker-us-central1-api-ea684018-a0b4-4bca-8b33-80b262e68fa1]: BUSY"}}
[info] >  GET request to /Users with body: {"user":"GET request to /Users with body:","metadata":{"emulator":{"name":"functions"},"function":{"name":"us-central1-api"},"extension":{},"message":"\u001b[90m> \u001b[39m GET request to /Users with body:"}}
[info] >  [object Object] {"user":"[object Object]","metadata":{"emulator":{"name":"functions"},"function":{"name":"us-central1-api"},"extension":{},"message":"\u001b[90m> \u001b[39m [object Object]"}}
[info] >   {"user":"","metadata":{"emulator":{"name":"functions"},"function":{"name":"us-central1-api"},"extension":{},"message":"\u001b[90m> \u001b[39m "}}
[debug] [2023-11-16T02:56:44.142Z] Finishing up request with event=pause {"metadata":{"emulator":{"name":"functions"},"function":{"name":"us-central1-api"},"extension":{},"message":"Finishing up request with event=pause"}}
[info] i  functions: Finished "us-central1-api" in 278.4035ms {"metadata":{"emulator":{"name":"functions"},"function":{"name":"us-central1-api"},"extension":{},"message":"Finished \"us-central1-api\" in 278.4035ms"}}
[debug] [2023-11-16T02:56:44.143Z] [worker-us-central1-api-ea684018-a0b4-4bca-8b33-80b262e68fa1]: IDLE {"metadata":{"emulator":{"name":"functions"},"function":{"name":"us-central1-api"},"extension":{},"message":"[worker-us-central1-api-ea684018-a0b4-4bca-8b33-80b262e68fa1]: IDLE"}}
[debug] [2023-11-16T02:56:44.143Z] Finishing up request with event=finish {"metadata":{"emulator":{"name":"functions"},"function":{"name":"us-central1-api"},"extension":{},"message":"Finishing up request with event=finish"}}
[debug] [2023-11-16T02:56:44.143Z] Finishing up request with event=close {"metadata":{"emulator":{"name":"functions"},"function":{"name":"us-central1-api"},"extension":{},"message":"Finishing up request with event=close"}}
[debug] [2023-11-16T02:56:44.144Z] [work-queue] {"queuedWork":[],"queueLength":0,"runningWork":[],"workRunningCount":0}
[debug] [2023-11-16T03:40:08.842Z] ----------------------------------------------------------------------
[debug] [2023-11-16T03:40:08.843Z] Command:       /opt/homebrew/Cellar/node@18/18.18.2/bin/node /opt/homebrew/bin/firebase emulators:start
[debug] [2023-11-16T03:40:08.843Z] CLI Version:   12.8.0
[debug] [2023-11-16T03:40:08.844Z] Platform:      darwin
[debug] [2023-11-16T03:40:08.844Z] Node Version:  v18.18.2
[debug] [2023-11-16T03:40:08.845Z] Time:          Wed Nov 15 2023 22:40:08 GMT-0500 (Eastern Standard Time)
[debug] [2023-11-16T03:40:08.845Z] ----------------------------------------------------------------------
[debug] 
[debug] [2023-11-16T03:40:08.927Z] > command requires scopes: ["email","openid","https://www.googleapis.com/auth/cloudplatformprojects.readonly","https://www.googleapis.com/auth/firebase","https://www.googleapis.com/auth/cloud-platform"]
[debug] [2023-11-16T03:40:08.928Z] > authorizing via signed-in user (ulukbekaitmatov79@gmail.com)
[info] i  emulators: Starting emulators: functions {"metadata":{"emulator":{"name":"hub"},"message":"Starting emulators: functions"}}
[debug] [2023-11-16T03:40:09.242Z] [logging] Logging Emulator only supports listening on one address (127.0.0.1). Not listening on ::1
[debug] [2023-11-16T03:40:09.242Z] assigned listening specs for emulators {"user":{"hub":[{"address":"127.0.0.1","family":"IPv4","port":4400},{"address":"::1","family":"IPv6","port":4400}],"ui":[{"address":"127.0.0.1","family":"IPv4","port":4000},{"address":"::1","family":"IPv6","port":4000}],"logging":[{"address":"127.0.0.1","family":"IPv4","port":4500}]},"metadata":{"message":"assigned listening specs for emulators"}}
[debug] [2023-11-16T03:40:09.249Z] [hub] writing locator at /var/folders/7z/mysy77_x4nv5xp8nt4tt78g40000gn/T/hub-smapchat-back.json
[debug] [2023-11-16T03:40:09.464Z] [functions] Functions Emulator only supports listening on one address (127.0.0.1). Not listening on ::1
[debug] [2023-11-16T03:40:09.464Z] [eventarc] Eventarc Emulator only supports listening on one address (127.0.0.1). Not listening on ::1
[debug] [2023-11-16T03:40:09.465Z] late-assigned ports for functions and eventarc emulators {"user":{"hub":[{"address":"127.0.0.1","family":"IPv4","port":4400},{"address":"::1","family":"IPv6","port":4400}],"ui":[{"address":"127.0.0.1","family":"IPv4","port":4000},{"address":"::1","family":"IPv6","port":4000}],"logging":[{"address":"127.0.0.1","family":"IPv4","port":4500}],"functions":[{"address":"127.0.0.1","family":"IPv4","port":5001}],"eventarc":[{"address":"127.0.0.1","family":"IPv4","port":9299}]},"metadata":{"message":"late-assigned ports for functions and eventarc emulators"}}
[warn] ⚠  functions: The following emulators are not running, calls to these services from the Functions emulator will affect production: auth, firestore, database, hosting, pubsub, storage {"metadata":{"emulator":{"name":"functions"},"message":"The following emulators are not running, calls to these services from the Functions emulator will affect production: \u001b[1mauth, firestore, database, hosting, pubsub, storage\u001b[22m"}}
[debug] [2023-11-16T03:40:09.467Z] defaultcredentials: writing to file /Users/uli/.config/firebase/ulukbekaitmatov79_gmail_com_application_default_credentials.json
[debug] [2023-11-16T03:40:09.473Z] Setting GAC to /Users/uli/.config/firebase/ulukbekaitmatov79_gmail_com_application_default_credentials.json {"metadata":{"emulator":{"name":"functions"},"message":"Setting GAC to /Users/uli/.config/firebase/ulukbekaitmatov79_gmail_com_application_default_credentials.json"}}
[debug] [2023-11-16T03:40:09.474Z] > refreshing access token with scopes: []
[debug] [2023-11-16T03:40:09.475Z] >>> [apiv2][query] POST https://www.googleapis.com/oauth2/v3/token [none]
[debug] [2023-11-16T03:40:09.475Z] >>> [apiv2][body] POST https://www.googleapis.com/oauth2/v3/token [omitted]
[debug] [2023-11-16T03:40:09.595Z] <<< [apiv2][status] POST https://www.googleapis.com/oauth2/v3/token 200
[debug] [2023-11-16T03:40:09.596Z] <<< [apiv2][body] POST https://www.googleapis.com/oauth2/v3/token [omitted]
[debug] [2023-11-16T03:40:09.609Z] >>> [apiv2][query] GET https://firebase.googleapis.com/v1beta1/projects/smapchat-back/adminSdkConfig [none]
[debug] [2023-11-16T03:40:10.055Z] <<< [apiv2][status] GET https://firebase.googleapis.com/v1beta1/projects/smapchat-back/adminSdkConfig 403
[debug] [2023-11-16T03:40:10.055Z] <<< [apiv2][body] GET https://firebase.googleapis.com/v1beta1/projects/smapchat-back/adminSdkConfig {"error":{"code":403,"message":"The caller does not have permission","status":"PERMISSION_DENIED"}}
[debug] [2023-11-16T03:40:10.056Z] Failed to get Admin SDK config for smapchat-back, falling back to cache Failed to get Admin SDK for Firebase project smapchat-back. Please make sure the project exists and your account has permission to access it. {"name":"FirebaseError","children":[],"exit":2,"message":"Failed to get Admin SDK for Firebase project smapchat-back. Please make sure the project exists and your account has permission to access it.","original":{"name":"FirebaseError","children":[],"context":{"body":{"error":{"code":403,"message":"The caller does not have permission","status":"PERMISSION_DENIED"}},"response":{"statusCode":403}},"exit":1,"message":"HTTP Error: 403, The caller does not have permission","status":403},"status":500}
[warn] ⚠  functions: Unable to fetch project Admin SDK configuration, Admin SDK behavior in Cloud Functions emulator may be incorrect. {"metadata":{"emulator":{"name":"functions"},"message":"Unable to fetch project Admin SDK configuration, Admin SDK behavior in Cloud Functions emulator may be incorrect."}}
[debug] [2023-11-16T03:40:10.073Z] Ignoring unsupported arg: auto_download {"metadata":{"emulator":{"name":"ui"},"message":"Ignoring unsupported arg: auto_download"}}
[debug] [2023-11-16T03:40:10.073Z] Ignoring unsupported arg: port {"metadata":{"emulator":{"name":"ui"},"message":"Ignoring unsupported arg: port"}}
[debug] [2023-11-16T03:40:10.073Z] Starting Emulator UI with command {"binary":"node","args":["/Users/uli/.cache/firebase/emulators/ui-v1.11.7/server/server.js"],"optionalArgs":[],"joinArgs":false} {"metadata":{"emulator":{"name":"ui"},"message":"Starting Emulator UI with command {\"binary\":\"node\",\"args\":[\"/Users/uli/.cache/firebase/emulators/ui-v1.11.7/server/server.js\"],\"optionalArgs\":[],\"joinArgs\":false}"}}
[info] i  ui: Emulator UI logging to ui-debug.log {"metadata":{"emulator":{"name":"ui"},"message":"Emulator UI logging to \u001b[1mui-debug.log\u001b[22m"}}
[debug] [2023-11-16T03:40:10.180Z] Web / API server started at 127.0.0.1:4000
 {"metadata":{"emulator":{"name":"ui"},"message":"Web / API server started at 127.0.0.1:4000\n"}}
[debug] [2023-11-16T03:40:10.180Z] Web / API server started at ::1:4000
 {"metadata":{"emulator":{"name":"ui"},"message":"Web / API server started at ::1:4000\n"}}
[info] i  functions: Watching "/Users/uli/ReactApps/Smapchat/Backend/functions" for Cloud Functions... {"metadata":{"emulator":{"name":"functions"},"message":"Watching \"/Users/uli/ReactApps/Smapchat/Backend/functions\" for Cloud Functions..."}}
[debug] [2023-11-16T03:40:10.339Z] Validating nodejs source
[debug] [2023-11-16T03:40:11.223Z] > [functions] package.json contents: {
  "name": "functions",
  "description": "Cloud Functions for Firebase",
  "scripts": {
    "serve": "firebase emulators:start --only functions",
    "shell": "firebase functions:shell",
    "start": "npm run shell",
    "deploy": "firebase deploy --only functions",
    "logs": "firebase functions:log",
    "test": "jest --detectOpenHandles --forceExit"
  },
  "engines": {
    "node": "18"
  },
  "main": "index.js",
  "dependencies": {
    "bcryptjs": "^2.4.3",
    "cookie-parser": "^1.4.6",
    "cors": "^2.8.5",
    "dotenv": "^16.3.1",
    "firebase-admin": "^11.8.0",
    "firebase-functions": "^4.3.1",
    "jest": "^29.7.0",
    "mongoose": "^8.0.0",
    "supertest": "^6.3.3"
  },
  "devDependencies": {
    "firebase-functions-test": "^3.1.0"
  },
  "private": true
}
[debug] [2023-11-16T03:40:11.223Z] Building nodejs source
[debug] [2023-11-16T03:40:11.223Z] Failed to find version of module node: reached end of search path /Users/uli/ReactApps/Smapchat/Backend/functions/node_modules
[info] ✔  functions: Using node@18 from host. 
[info] i  functions: Loaded environment variables from .env. 
[debug] [2023-11-16T03:40:11.226Z] Could not find functions.yaml. Must use http discovery
[debug] [2023-11-16T03:40:11.230Z] Found firebase-functions binary at '/Users/uli/ReactApps/Smapchat/Backend/functions/node_modules/.bin/firebase-functions'
[info] Serving at port 8621

[error] (node:6820) [MONGODB DRIVER] Warning: useNewUrlParser is a deprecated option: useNewUrlParser has no effect since Node.js Driver version 4.0.0 and will be removed in the next major version
(Use `node --trace-warnings ...` to show where the warning was created)

[error] (node:6820) [MONGODB DRIVER] Warning: useUnifiedTopology is a deprecated option: useUnifiedTopology has no effect since Node.js Driver version 4.0.0 and will be removed in the next major version

[debug] [2023-11-16T03:40:11.604Z] Got response from /__/functions.yaml {"endpoints":{"api":{"platform":"gcfv1","availableMemoryMb":null,"timeoutSeconds":null,"minInstances":null,"maxInstances":null,"ingressSettings":null,"serviceAccountEmail":null,"vpc":null,"httpsTrigger":{},"entryPoint":"api"}},"specVersion":"v1alpha1","requiredAPIs":[]}
[info] Connected to MongoDB Atlas

[info] ✔  functions: Loaded functions definitions from source: api. {"metadata":{"emulator":{"name":"functions"},"message":"Loaded functions definitions from source: api."}}
[info] ✔  functions[us-central1-api]: http function initialized (http://127.0.0.1:5001/smapchat-back/us-central1/api). {"metadata":{"emulator":{"name":"functions"},"message":"\u001b[1mhttp\u001b[22m function initialized (http://127.0.0.1:5001/smapchat-back/us-central1/api)."}}
[info] 
┌─────────────────────────────────────────────────────────────┐
│ ✔  All emulators ready! It is now safe to connect your app. │
│ i  View Emulator UI at http://127.0.0.1:4000/               │
└─────────────────────────────────────────────────────────────┘

┌───────────┬────────────────┬─────────────────────────────────┐
│ Emulator  │ Host:Port      │ View in Emulator UI             │
├───────────┼────────────────┼─────────────────────────────────┤
│ Functions │ 127.0.0.1:5001 │ http://127.0.0.1:4000/functions │
└───────────┴────────────────┴─────────────────────────────────┘
  Emulator Hub running at 127.0.0.1:4400
  Other reserved ports: 4500

Issues? Report them at https://github.com/firebase/firebase-tools/issues and attach the *-debug.log files.
 
